src/application/accounting/services/SimpleVoucherNumberGenerator.ts(2,29): error TS2307: Cannot find module '../../domain/accounting/types/VoucherTypes' or its corresponding type declarations.
src/application/accounting/use-cases/SaveJournalEntryUseCase.ts(2,31): error TS2307: Cannot find module '../../domain/accounting/entities/VoucherEntity' or its corresponding type declarations.
src/application/accounting/use-cases/SaveJournalEntryUseCase.ts(3,44): error TS2307: Cannot find module '../../domain/accounting/types/VoucherTypes' or its corresponding type declarations.
src/application/accounting/use-cases/SaveJournalEntryUseCase.ts(4,56): error TS2307: Cannot find module '../../domain/accounting/handlers/JournalEntryHandler' or its corresponding type declarations.
src/application/accounting/use-cases/SaveJournalEntryUseCase.ts(5,36): error TS2307: Cannot find module '../../domain/accounting/repositories/IVoucherRepository' or its corresponding type declarations.
src/application/accounting/use-cases/SaveOpeningBalanceUseCase.ts(2,31): error TS2307: Cannot find module '../../domain/accounting/entities/VoucherEntity' or its corresponding type declarations.
src/application/accounting/use-cases/SaveOpeningBalanceUseCase.ts(3,44): error TS2307: Cannot find module '../../domain/accounting/types/VoucherTypes' or its corresponding type declarations.
src/application/accounting/use-cases/SaveOpeningBalanceUseCase.ts(4,60): error TS2307: Cannot find module '../../domain/accounting/handlers/OpeningBalanceHandler' or its corresponding type declarations.
src/application/accounting/use-cases/SaveOpeningBalanceUseCase.ts(5,36): error TS2307: Cannot find module '../../domain/accounting/repositories/IVoucherRepository' or its corresponding type declarations.
src/application/accounting/use-cases/SavePaymentVoucherUseCase.ts(2,31): error TS2307: Cannot find module '../../domain/accounting/entities/VoucherEntity' or its corresponding type declarations.
src/application/accounting/use-cases/SavePaymentVoucherUseCase.ts(3,44): error TS2307: Cannot find module '../../domain/accounting/types/VoucherTypes' or its corresponding type declarations.
src/application/accounting/use-cases/SavePaymentVoucherUseCase.ts(4,60): error TS2307: Cannot find module '../../domain/accounting/handlers/PaymentVoucherHandler' or its corresponding type declarations.
src/application/accounting/use-cases/SavePaymentVoucherUseCase.ts(5,36): error TS2307: Cannot find module '../../domain/accounting/repositories/IVoucherRepository' or its corresponding type declarations.
src/application/accounting/use-cases/SaveReceiptVoucherUseCase.ts(2,31): error TS2307: Cannot find module '../../domain/accounting/entities/VoucherEntity' or its corresponding type declarations.
src/application/accounting/use-cases/SaveReceiptVoucherUseCase.ts(3,44): error TS2307: Cannot find module '../../domain/accounting/types/VoucherTypes' or its corresponding type declarations.
src/application/accounting/use-cases/SaveReceiptVoucherUseCase.ts(4,60): error TS2307: Cannot find module '../../domain/accounting/handlers/ReceiptVoucherHandler' or its corresponding type declarations.
src/application/accounting/use-cases/SaveReceiptVoucherUseCase.ts(5,36): error TS2307: Cannot find module '../../domain/accounting/repositories/IVoucherRepository' or its corresponding type declarations.
src/application/accounting/use-cases/VoucherApprovalUseCases.ts(1,36): error TS2307: Cannot find module '../../domain/accounting/repositories/IVoucherRepository' or its corresponding type declarations.
src/application/accounting/use-cases/VoucherApprovalUseCases.ts(2,31): error TS2307: Cannot find module '../../domain/accounting/entities/VoucherEntity' or its corresponding type declarations.
src/application/accounting/use-cases/VoucherApprovalUseCases.ts(3,31): error TS2307: Cannot find module '../../domain/accounting/types/VoucherTypes' or its corresponding type declarations.
